[2026-03-13 20:02:05 UTC] start: Ralph online — 386/450 stories complete
[2026-03-13 20:02:05 UTC] story_start: Story 441: Seasonal weather cycle
[2026-03-13 20:23:28 UTC] deploy_ok: Story 441 deployed: Healthy after 0.1s
[2026-03-13 20:23:55 UTC] story_done: Story 441 complete: Seasonal weather cycle
[2026-03-13 20:23:55 UTC] story_start: Story 442: NPC lifespan variation
[2026-03-13 20:43:00 UTC] WARN deploy_fail: Story 442 deploy failed (non-fatal, will auto-deploy on next push): Deploy push failed:
To https://github.com/kbadinger/qtown.git
   c3fe261..777ba11  main -> main

Indexing...
Uploading..
[2026-03-13 20:43:00 UTC] story_done: Story 442 complete: NPC lifespan variation
[2026-03-13 20:43:00 UTC] story_start: Story 443: Town reputation score
[2026-03-13 20:59:12 UTC] WARN deploy_fail: Story 443 deploy failed (non-fatal, will auto-deploy on next push): Deploy push failed:
To https://github.com/kbadinger/qtown.git
   777ba11..b3baf34  main -> main

Indexing...
Uploading..
[2026-03-13 20:59:12 UTC] story_done: Story 443 complete: Town reputation score
[2026-03-13 20:59:13 UTC] story_start: Story 444: Immigration wave
[2026-03-13 21:02:45 UTC] WARN story_fail: Story 444 struggling — attempt 5/12
Immigration wave
[2026-03-13 21:03:22 UTC] CRITICAL loop: Story 444: same error 5x in a row — requesting help
`tests/test_npcs.py::test_s444_check_immigration_wave FAILED              [100%]`
[2026-03-13 21:03:22 UTC] CRITICAL needs_help: Story 444 needs help — waiting 10min for fix
`tests/test_npcs.py::test_s444_check_immigration_wave FAILED              [100%]`
[2026-03-13 21:15:14 UTC] deploy_ok: Story 444 deployed: Healthy after 0.1s
[2026-03-13 21:15:40 UTC] story_done: Story 444 complete: Immigration wave
[2026-03-13 21:15:41 UTC] story_start: Story 445: Emigration wave
[2026-03-13 21:38:10 UTC] deploy_ok: Story 445 deployed: Healthy after 0.1s
[2026-03-13 21:38:27 UTC] story_done: Story 445 complete: Emigration wave
[2026-03-13 21:38:27 UTC] story_start: Story 446: Historical archive
[2026-03-13 22:00:45 UTC] deploy_ok: Story 446 deployed: Healthy after 0.1s
[2026-03-13 22:01:01 UTC] story_done: Story 446 complete: Historical archive
[2026-03-13 22:01:01 UTC] story_start: Story 447: Town naming ceremony
[2026-03-13 22:19:32 UTC] WARN deploy_fail: Story 447 deploy failed (non-fatal, will auto-deploy on next push): Deploy push failed:
To https://github.com/kbadinger/qtown.git
   878a6c0..2fd010f  main -> main

Indexing...
Uploading..
[2026-03-13 22:19:32 UTC] story_done: Story 447 complete: Town naming ceremony
[2026-03-13 22:19:33 UTC] story_start: Story 448: Resource discovery
